<?xml version="1.0" encoding="UTF-8"?>
<testsuite xmlns:xsi="http://www.w3.org/2001/XMLSchema-instance" xsi:noNamespaceSchemaLocation="https://maven.apache.org/surefire/maven-surefire-plugin/xsd/surefire-test-report-3.0.xsd" version="3.0" name="com.mj.source.AppTest" time="0.045" tests="5" errors="0" skipped="0" failures="0">
  <properties>
    <property name="java.specification.version" value="19"/>
    <property name="sun.cpu.isalist" value="amd64"/>
    <property name="sun.jnu.encoding" value="Cp1252"/>
    <property name="java.class.path" value="D:\NareshIT Bhulu\Spring Program\Maven Apps\Ex2\MathProj2\target\test-classes;D:\NareshIT Bhulu\Spring Program\Maven Apps\Ex2\MathProj2\target\classes;C:\Users\Manoj\.m2\repository\junit\junit\3.8.1\junit-3.8.1.jar;"/>
    <property name="java.vm.vendor" value="Oracle Corporation"/>
    <property name="sun.arch.data.model" value="64"/>
    <property name="user.variant" value=""/>
    <property name="java.vendor.url" value="https://java.oracle.com/"/>
    <property name="user.timezone" value="Asia/Calcutta"/>
    <property name="os.name" value="Windows 10"/>
    <property name="java.vm.specification.version" value="19"/>
    <property name="sun.java.launcher" value="SUN_STANDARD"/>
    <property name="user.country" value="IN"/>
    <property name="sun.boot.library.path" value="C:\Program Files\Java\jdk-19\bin"/>
    <property name="sun.java.command" value="C:\Users\Manoj\AppData\Local\Temp\surefire12371423551600271323\surefirebooter-20230828081526452_3.jar C:\Users\Manoj\AppData\Local\Temp\surefire12371423551600271323 2023-08-28T08-15-26_171-jvmRun1 surefire-20230828081526452_1tmp surefire_0-20230828081526452_2tmp"/>
    <property name="jdk.debug" value="release"/>
    <property name="surefire.test.class.path" value="D:\NareshIT Bhulu\Spring Program\Maven Apps\Ex2\MathProj2\target\test-classes;D:\NareshIT Bhulu\Spring Program\Maven Apps\Ex2\MathProj2\target\classes;C:\Users\Manoj\.m2\repository\junit\junit\3.8.1\junit-3.8.1.jar;"/>
    <property name="sun.cpu.endian" value="little"/>
    <property name="user.home" value="C:\Users\Manoj"/>
    <property name="user.language" value="en"/>
    <property name="java.specification.vendor" value="Oracle Corporation"/>
    <property name="java.version.date" value="2023-01-17"/>
    <property name="java.home" value="C:\Program Files\Java\jdk-19"/>
    <property name="file.separator" value="\"/>
    <property name="basedir" value="D:\NareshIT Bhulu\Spring Program\Maven Apps\Ex2\MathProj2"/>
    <property name="java.vm.compressedOopsMode" value="32-bit"/>
    <property name="line.separator" value="&#10;"/>
    <property name="java.vm.specification.vendor" value="Oracle Corporation"/>
    <property name="java.specification.name" value="Java Platform API Specification"/>
    <property name="surefire.real.class.path" value="C:\Users\Manoj\AppData\Local\Temp\surefire12371423551600271323\surefirebooter-20230828081526452_3.jar"/>
    <property name="user.script" value=""/>
    <property name="sun.management.compiler" value="HotSpot 64-Bit Tiered Compilers"/>
    <property name="java.runtime.version" value="19.0.2+7-44"/>
    <property name="user.name" value="Manoj"/>
    <property name="stdout.encoding" value="Cp1252"/>
    <property name="path.separator" value=";"/>
    <property name="os.version" value="10.0"/>
    <property name="java.runtime.name" value="Java(TM) SE Runtime Environment"/>
    <property name="file.encoding" value="UTF-8"/>
    <property name="java.vm.name" value="Java HotSpot(TM) 64-Bit Server VM"/>
    <property name="localRepository" value="C:\Users\Manoj\.m2\repository"/>
    <property name="java.vendor.url.bug" value="https://bugreport.java.com/bugreport/"/>
    <property name="java.io.tmpdir" value="C:\Users\Manoj\AppData\Local\Temp\"/>
    <property name="java.version" value="19.0.2"/>
    <property name="user.dir" value="D:\NareshIT Bhulu\Spring Program\Maven Apps\Ex2\MathProj2"/>
    <property name="os.arch" value="amd64"/>
    <property name="java.vm.specification.name" value="Java Virtual Machine Specification"/>
    <property name="sun.os.patch.level" value=""/>
    <property name="native.encoding" value="Cp1252"/>
    <property name="java.library.path" value="C:\Program Files\Java\jdk-19\bin;C:\WINDOWS\Sun\Java\bin;C:\WINDOWS\system32;C:\WINDOWS;C:\Program Files\Common Files\Oracle\Java\javapath;C:\WINDOWS.X64_193000_db_home\bin;C:\WINDOWS\system32;C:\WINDOWS;C:\WINDOWS\System32\Wbem;C:\WINDOWS\System32\WindowsPowerShell\v1.0\;C:\WINDOWS\System32\OpenSSH\;C:\Program Files\Git\cmd;C:\Program Files\nodejs\;C:\xampp\php;C:\ProgramData\ComposerSetup\bin;C:\WINDOWS.X64_193000_db_home\jdbc\lib\ojdbc8.jar;C:\Program Files\Java\jdk-19\bin;D:\NareshIT Bhulu\Spring Program\apache-maven-3.9.4\bin;C:\Users\Manoj\AppData\Local\Microsoft\WindowsApps;C:\Users\Manoj\AppData\Local\Programs\Microsoft VS Code\bin;C:\Users\Manoj\AppData\Roaming\npm;C:\Users\Manoj\AppData\Roaming\Composer\vendor\bin;C:\Program Files (x86)\Jar2Exe Wizard\;."/>
    <property name="java.vm.info" value="mixed mode, sharing"/>
    <property name="stderr.encoding" value="Cp1252"/>
    <property name="java.vendor" value="Oracle Corporation"/>
    <property name="java.vm.version" value="19.0.2+7-44"/>
    <property name="sun.io.unicode.encoding" value="UnicodeLittle"/>
    <property name="java.class.version" value="63.0"/>
  </properties>
  <testcase name="testSumWithNegatives" classname="com.mj.source.AppTest" time="0.007"/>
  <testcase name="testSumWithPositives" classname="com.mj.source.AppTest" time="0.0"/>
  <testcase name="testSumWithZeros" classname="com.mj.source.AppTest" time="0.0"/>
  <testcase name="testSumWithMixed" classname="com.mj.source.AppTest" time="0.0"/>
  <testcase name="testApp" classname="com.mj.source.AppTest" time="0.001"/>
</testsuite>